Obteniendo ciudad-pais de '02_Remitente':
Traceback (most recent call last):
  File "/ecuapp/ecudocs4/app/ecuapassdocs/info/ecuapass_extractor.py", line 133, in removeSubjectCiudadPais
    cities            = Extractor.getSubjectCitiesString (pais, resourcesPath, source)
                        ^^^^^^^^^^^^^^^^^^^^^^^^^^^^^^^^^^^^^^^^^^^^^^^^^^^^^^^^^^^^^^
  File "/ecuapp/ecudocs4/app/ecuapassdocs/info/ecuapass_extractor.py", line 687, in getSubjectCitiesString
    citiesString = Extractor.getDataString (ciudadesFile, resourcesPath)
                   ^^^^^^^^^^^^^^^^^^^^^^^^^^^^^^^^^^^^^^^^^^^^^^^^^^^^^
  File "/ecuapp/ecudocs4/app/ecuapassdocs/info/ecuapass_extractor.py", line 727, in getDataString
    dataDic    = Extractor.getDataDic (dataFilename, resourcesPath)
                 ^^^^^^^^^^^^^^^^^^^^^^^^^^^^^^^^^^^^^^^^^^^^^^^^^^
  File "/ecuapp/ecudocs4/app/ecuapassdocs/info/ecuapass_extractor.py", line 714, in getDataDic
    for line in dataLines [1:]:
                ~~~~~~~~~~^^^^
TypeError: 'NoneType' object is not subscriptable
Obteniendo datos del sujeto: '02_Remitente' en el texto:
'MAZDA S.A.
AV. RIO
IBARRA-ECUADOR':
Traceback (most recent call last):
  File "/ecuapp/ecudocs4/app/ecuapassdocs/info/ecuapass_extractor.py", line 133, in removeSubjectCiudadPais
    cities            = Extractor.getSubjectCitiesString (pais, resourcesPath, source)
                        ^^^^^^^^^^^^^^^^^^^^^^^^^^^^^^^^^^^^^^^^^^^^^^^^^^^^^^^^^^^^^^
  File "/ecuapp/ecudocs4/app/ecuapassdocs/info/ecuapass_extractor.py", line 687, in getSubjectCitiesString
    citiesString = Extractor.getDataString (ciudadesFile, resourcesPath)
                   ^^^^^^^^^^^^^^^^^^^^^^^^^^^^^^^^^^^^^^^^^^^^^^^^^^^^^
  File "/ecuapp/ecudocs4/app/ecuapassdocs/info/ecuapass_extractor.py", line 727, in getDataString
    dataDic    = Extractor.getDataDic (dataFilename, resourcesPath)
                 ^^^^^^^^^^^^^^^^^^^^^^^^^^^^^^^^^^^^^^^^^^^^^^^^^^
  File "/ecuapp/ecudocs4/app/ecuapassdocs/info/ecuapass_extractor.py", line 714, in getDataDic
    for line in dataLines [1:]:
                ~~~~~~~~~~^^^^
TypeError: 'NoneType' object is not subscriptable

During handling of the above exception, another exception occurred:

Traceback (most recent call last):
  File "/ecuapp/ecudocs4/app/ecuapassdocs/info/ecuapass_extractor.py", line 40, in getSubjectInfoFromText
    subText, subject = Extractor.removeSubjectCiudadPais (subText, subject, resourcesPath, type)
                       ^^^^^^^^^^^^^^^^^^^^^^^^^^^^^^^^^^^^^^^^^^^^^^^^^^^^^^^^^^^^^^^^^^^^^^^^^
  File "/ecuapp/ecudocs4/app/ecuapassdocs/info/ecuapass_extractor.py", line 153, in removeSubjectCiudadPais
    Utils.printException (f"Obteniendo ciudad-pais de '{type}'", text)
  File "/ecuapp/ecudocs4/app/ecuapassdocs/info/ecuapass_utils.py", line 316, in printException
    from info.ecuapass_cloud import EcuCloud
ModuleNotFoundError: No module named 'info'
Obteniendo ciudad-pais de '02_Remitente':
Traceback (most recent call last):
  File "/ecuapp/ecudocs4/app/ecuapassdocs/info/ecuapass_extractor.py", line 133, in removeSubjectCiudadPais
    cities            = Extractor.getSubjectCitiesString (pais, resourcesPath, source)
                        ^^^^^^^^^^^^^^^^^^^^^^^^^^^^^^^^^^^^^^^^^^^^^^^^^^^^^^^^^^^^^^
  File "/ecuapp/ecudocs4/app/ecuapassdocs/info/ecuapass_extractor.py", line 687, in getSubjectCitiesString
    citiesString = Extractor.getDataString (ciudadesFile, resourcesPath)
                   ^^^^^^^^^^^^^^^^^^^^^^^^^^^^^^^^^^^^^^^^^^^^^^^^^^^^^
  File "/ecuapp/ecudocs4/app/ecuapassdocs/info/ecuapass_extractor.py", line 727, in getDataString
    dataDic    = Extractor.getDataDic (dataFilename, resourcesPath)
                 ^^^^^^^^^^^^^^^^^^^^^^^^^^^^^^^^^^^^^^^^^^^^^^^^^^
  File "/ecuapp/ecudocs4/app/ecuapassdocs/info/ecuapass_extractor.py", line 714, in getDataDic
    for line in dataLines [1:]:
                ~~~~~~~~~~^^^^
TypeError: 'NoneType' object is not subscriptable
Obteniendo datos del sujeto: '02_Remitente' en el texto:
'MAZDA S.A.
AV. RIO
IBARRA-ECUADOR':
Traceback (most recent call last):
  File "/ecuapp/ecudocs4/app/ecuapassdocs/info/ecuapass_extractor.py", line 133, in removeSubjectCiudadPais
    cities            = Extractor.getSubjectCitiesString (pais, resourcesPath, source)
                        ^^^^^^^^^^^^^^^^^^^^^^^^^^^^^^^^^^^^^^^^^^^^^^^^^^^^^^^^^^^^^^
  File "/ecuapp/ecudocs4/app/ecuapassdocs/info/ecuapass_extractor.py", line 687, in getSubjectCitiesString
    citiesString = Extractor.getDataString (ciudadesFile, resourcesPath)
                   ^^^^^^^^^^^^^^^^^^^^^^^^^^^^^^^^^^^^^^^^^^^^^^^^^^^^^
  File "/ecuapp/ecudocs4/app/ecuapassdocs/info/ecuapass_extractor.py", line 727, in getDataString
    dataDic    = Extractor.getDataDic (dataFilename, resourcesPath)
                 ^^^^^^^^^^^^^^^^^^^^^^^^^^^^^^^^^^^^^^^^^^^^^^^^^^
  File "/ecuapp/ecudocs4/app/ecuapassdocs/info/ecuapass_extractor.py", line 714, in getDataDic
    for line in dataLines [1:]:
                ~~~~~~~~~~^^^^
TypeError: 'NoneType' object is not subscriptable

During handling of the above exception, another exception occurred:

Traceback (most recent call last):
  File "/ecuapp/ecudocs4/app/ecuapassdocs/info/ecuapass_extractor.py", line 40, in getSubjectInfoFromText
    subText, subject = Extractor.removeSubjectCiudadPais (subText, subject, resourcesPath, type)
                       ^^^^^^^^^^^^^^^^^^^^^^^^^^^^^^^^^^^^^^^^^^^^^^^^^^^^^^^^^^^^^^^^^^^^^^^^^
  File "/ecuapp/ecudocs4/app/ecuapassdocs/info/ecuapass_extractor.py", line 153, in removeSubjectCiudadPais
    Utils.printException (f"Obteniendo ciudad-pais de '{type}'", text)
  File "/ecuapp/ecudocs4/app/ecuapassdocs/info/ecuapass_utils.py", line 316, in printException
    from info.ecuapass_cloud import EcuCloud
ModuleNotFoundError: No module named 'info'
Obteniendo ciudad-pais de '02_Remitente':
Traceback (most recent call last):
  File "/ecuapp/ecudocs4/app/ecuapassdocs/info/ecuapass_extractor.py", line 133, in removeSubjectCiudadPais
    cities            = Extractor.getSubjectCitiesString (pais, resourcesPath, source)
                        ^^^^^^^^^^^^^^^^^^^^^^^^^^^^^^^^^^^^^^^^^^^^^^^^^^^^^^^^^^^^^^
  File "/ecuapp/ecudocs4/app/ecuapassdocs/info/ecuapass_extractor.py", line 687, in getSubjectCitiesString
    citiesString = Extractor.getDataString (ciudadesFile, resourcesPath)
                   ^^^^^^^^^^^^^^^^^^^^^^^^^^^^^^^^^^^^^^^^^^^^^^^^^^^^^
  File "/ecuapp/ecudocs4/app/ecuapassdocs/info/ecuapass_extractor.py", line 727, in getDataString
    dataDic    = Extractor.getDataDic (dataFilename, resourcesPath)
                 ^^^^^^^^^^^^^^^^^^^^^^^^^^^^^^^^^^^^^^^^^^^^^^^^^^
  File "/ecuapp/ecudocs4/app/ecuapassdocs/info/ecuapass_extractor.py", line 714, in getDataDic
    for line in dataLines [1:]:
                ~~~~~~~~~~^^^^
TypeError: 'NoneType' object is not subscriptable
